[debug] [2018-02-17T00:06:55.061Z] ----------------------------------------------------------------------
[debug] [2018-02-17T00:06:55.061Z] Command:       C:\Program Files\nodejs\node.exe C:\Users\vinee\AppData\Roaming\npm\node_modules\firebase-tools\bin\firebase serve --only hosting,functions
[debug] [2018-02-17T00:06:55.061Z] CLI Version:   3.15.4
[debug] [2018-02-17T00:06:55.061Z] Platform:      win32
[debug] [2018-02-17T00:06:55.061Z] Node Version:  v6.11.5
[debug] [2018-02-17T00:06:55.061Z] Time:          Sat Feb 17 2018 05:36:55 GMT+0530 (India Standard Time)
[debug] [2018-02-17T00:06:55.061Z] ----------------------------------------------------------------------
[debug] 
[debug] [2018-02-17T00:06:55.076Z] > command requires scopes: ["email","openid","https://www.googleapis.com/auth/cloudplatformprojects.readonly","https://www.googleapis.com/auth/firebase","https://www.googleapis.com/auth/cloud-platform"]
[debug] [2018-02-17T00:06:55.077Z] > authorizing via signed-in user
[debug] [2018-02-17T00:06:55.078Z] > refreshing access token with scopes: ["email","https://www.googleapis.com/auth/cloud-platform","https://www.googleapis.com/auth/cloudplatformprojects.readonly","https://www.googleapis.com/auth/firebase","openid"]
[debug] [2018-02-17T00:06:55.078Z] >>> HTTP REQUEST POST https://www.googleapis.com/oauth2/v3/token { refresh_token: '1/NrkLHLFRQl0x5vs6lA9fYdItaGC6h8cqRSYUJKCxcBM',
  client_id: '563584335869-fgrhgmd47bqnekij5i8b5pr03ho849e6.apps.googleusercontent.com',
  client_secret: 'j9iVZfS8kkCEFUPaAeJV0sAi',
  grant_type: 'refresh_token',
  scope: 'email https://www.googleapis.com/auth/cloud-platform https://www.googleapis.com/auth/cloudplatformprojects.readonly https://www.googleapis.com/auth/firebase openid' } 
 Sat Feb 17 2018 05:36:55 GMT+0530 (India Standard Time)
[debug] [2018-02-17T00:06:55.425Z] <<< HTTP RESPONSE 200
[debug] [2018-02-17T00:06:55.477Z] >>> HTTP REQUEST GET https://admin.firebase.com/v1/projects/safe-side-project  
 Sat Feb 17 2018 05:36:55 GMT+0530 (India Standard Time)
